#
# A fatal error has been detected by the Java Runtime Environment:
#
#  EXCEPTION_ACCESS_VIOLATION (0xc0000005) at pc=0x0000000053335d30, pid=1448, tid=672
#
# JRE version: Java(TM) SE Runtime Environment (8.0_66-b18) (build 1.8.0_66-b18)
# Java VM: Java HotSpot(TM) 64-Bit Server VM (25.66-b18 mixed mode windows-amd64 compressed oops)
# Problematic frame:
# V  [jvm.dll+0x505d30]
#
# Failed to write core dump. Minidumps are not enabled by default on client versions of Windows
#
# If you would like to submit a bug report, please visit:
#   http://bugreport.java.com/bugreport/crash.jsp
#

---------------  T H R E A D  ---------------

Current thread (0x0000000017c02800):  JavaThread "C2 CompilerThread2" daemon [_thread_in_native, id=672, stack(0x00000000183e0000,0x00000000184e0000)]

siginfo: ExceptionCode=0xc0000005, reading address 0x0000000000000068

Registers:
RAX=0x0000000000000000, RBX=0x0000000000004010, RCX=0x0000000017c68800, RDX=0x00000000184de9b0
RSP=0x00000000184dbaa0, RBP=0x00000000184dbb19, RSI=0x00000000184dc670, RDI=0x0000000000020080
R8 =0x000000005349e9b8, R9 =0x0000000000000000, R10=0x0000000019e56298, R11=0x000000005349e9b8
R12=0x0000000017c68820, R13=0x000000000000000e, R14=0x00000000000024ac, R15=0x00000000534086c8
RIP=0x0000000053335d30, EFLAGS=0x0000000000010206

Top of Stack: (sp=0x00000000184dbaa0)
0x00000000184dbaa0:   0000000000003ff8 00000000184dc670
0x00000000184dbab0:   00000000195be9b0 000000007fffffff
0x00000000184dbac0:   00000000184dc670 000000005329af16
0x00000000184dbad0:   00000000184dbb19 0000000018afb658
0x00000000184dbae0:   000000001bb3a750 000000001b771850
0x00000000184dbaf0:   0000000017c15e30 0000000000004000
0x00000000184dbb00:   000000001b7afff0 00000000000024ac
0x00000000184dbb10:   000000005349d228 0000000017c15e30
0x00000000184dbb20:   0000000000000400 0000000019a3e090
0x00000000184dbb30:   0000000000000000 00000000533369da
0x00000000184dbb40:   00000000534086c8 0000000000050248
0x00000000184dbb50:   000000001bb3cb48 000000001bb3a750
0x00000000184dbb60:   000000001bb34b60 00000000184de750
0x00000000184dbb70:   00000000184dbc80 000000005329e391
0x00000000184dbb80:   0000000017c15e30 00000000184dc670
0x00000000184dbb90:   000000000000000e 00000000184de750 

Instructions: (pc=0x0000000053335d30)
0x0000000053335d10:   64 24 40 8b fb 66 66 66 0f 1f 84 00 00 00 00 00
0x0000000053335d20:   48 8b 46 48 48 8b 0c 07 48 85 c9 74 21 48 8b 01
0x0000000053335d30:   ff 50 68 4c 8b e0 3b 5e 40 72 0b 48 8d 4e 38 8b
0x0000000053335d40:   d3 e8 5a 7b fe ff 48 8b 4e 48 4c 89 24 0f ff c3 


Register to memory mapping:

RAX=0x0000000000000000 is an unknown value
RBX=0x0000000000004010 is an unknown value
RCX=0x0000000017c68800 is an unknown value
RDX=0x00000000184de9b0 is pointing into the stack for thread: 0x0000000017c02800
RSP=0x00000000184dbaa0 is pointing into the stack for thread: 0x0000000017c02800
RBP=0x00000000184dbb19 is pointing into the stack for thread: 0x0000000017c02800
RSI=0x00000000184dc670 is pointing into the stack for thread: 0x0000000017c02800
RDI=0x0000000000020080 is an unknown value
R8 =0x000000005349e9b8 is an unknown value
R9 =0x0000000000000000 is an unknown value
R10=0x0000000019e56298 is an unknown value
R11=0x000000005349e9b8 is an unknown value
R12=0x0000000017c68820 is an unknown value
R13=0x000000000000000e is an unknown value
R14=0x00000000000024ac is an unknown value
R15=0x00000000534086c8 is an unknown value


Stack: [0x00000000183e0000,0x00000000184e0000],  sp=0x00000000184dbaa0,  free space=1006k
Native frames: (J=compiled Java code, j=interpreted, Vv=VM code, C=native code)
V  [jvm.dll+0x505d30]
V  [jvm.dll+0x46af16]
V  [jvm.dll+0x46e391]
V  [jvm.dll+0x46fade]
V  [jvm.dll+0x452d12]
V  [jvm.dll+0xa4912]
V  [jvm.dll+0xa524f]
V  [jvm.dll+0x243274]
V  [jvm.dll+0x29a0fa]
C  [msvcr100.dll+0x21d9f]
C  [msvcr100.dll+0x21e3b]
C  [KERNEL32.DLL+0x12d92]
C  [ntdll.dll+0x9f64]


Current CompileTask:
C2:   3762 1829   !   4       java.net.URLClassLoader$1::run (63 bytes)


---------------  P R O C E S S  ---------------

Java Threads: ( => current thread )
  0x0000000019f56800 JavaThread "File lock request listener" [_thread_in_native, id=824, stack(0x000000001c1c0000,0x000000001c2c0000)]
  0x0000000019855800 JavaThread "Stdin handler" [_thread_blocked, id=1816, stack(0x000000001aaf0000,0x000000001abf0000)]
  0x0000000019827000 JavaThread "Daemon worker" [_thread_in_vm, id=5756, stack(0x000000001a9f0000,0x000000001aaf0000)]
  0x00000000194cb800 JavaThread "Cancel handler" [_thread_blocked, id=2456, stack(0x000000001a8f0000,0x000000001a9f0000)]
  0x0000000019620800 JavaThread "Handler for socket connection from /127.0.0.1:49469 to /127.0.0.1:49470" [_thread_in_native, id=5104, stack(0x000000001a7f0000,0x000000001a8f0000)]
  0x0000000019618000 JavaThread "Daemon" [_thread_blocked, id=5416, stack(0x000000001a6f0000,0x000000001a7f0000)]
  0x00000000194f2800 JavaThread "Incoming local TCP Connector on port 49469" [_thread_in_native, id=5400, stack(0x000000001a3f0000,0x000000001a4f0000)]
  0x0000000017ca6800 JavaThread "Service Thread" daemon [_thread_blocked, id=688, stack(0x00000000185e0000,0x00000000186e0000)]
  0x0000000017c0b800 JavaThread "C1 CompilerThread3" daemon [_thread_blocked, id=668, stack(0x00000000184e0000,0x00000000185e0000)]
=>0x0000000017c02800 JavaThread "C2 CompilerThread2" daemon [_thread_in_native, id=672, stack(0x00000000183e0000,0x00000000184e0000)]
  0x0000000017c15000 JavaThread "C2 CompilerThread1" daemon [_thread_in_native, id=680, stack(0x00000000182e0000,0x00000000183e0000)]
  0x0000000017c11800 JavaThread "C2 CompilerThread0" daemon [_thread_in_native, id=676, stack(0x00000000181e0000,0x00000000182e0000)]
  0x0000000017c10000 JavaThread "Attach Listener" daemon [_thread_blocked, id=740, stack(0x00000000180e0000,0x00000000181e0000)]
  0x0000000017c0e800 JavaThread "Signal Dispatcher" daemon [_thread_blocked, id=4972, stack(0x0000000017fe0000,0x00000000180e0000)]
  0x00000000030d9800 JavaThread "Finalizer" daemon [_thread_blocked, id=2340, stack(0x0000000017ad0000,0x0000000017bd0000)]
  0x00000000030d3000 JavaThread "Reference Handler" daemon [_thread_blocked, id=2352, stack(0x00000000179d0000,0x0000000017ad0000)]
  0x0000000002fde000 JavaThread "main" [_thread_blocked, id=404, stack(0x0000000002df0000,0x0000000002ef0000)]

Other Threads:
  0x0000000015bf9000 VMThread [stack: 0x00000000178d0000,0x00000000179d0000] [id=2356]
  0x0000000017cc9800 WatcherThread [stack: 0x00000000186e0000,0x00000000187e0000] [id=744]

VM state:not at safepoint (normal execution)

VM Mutex/Monitor currently owned by a thread: None

Heap:
 PSYoungGen      total 76288K, used 56384K [0x00000000eab00000, 0x00000000f0000000, 0x0000000100000000)
  eden space 65536K, 86% used [0x00000000eab00000,0x00000000ee2101c8,0x00000000eeb00000)
  from space 10752K, 0% used [0x00000000ef580000,0x00000000ef580000,0x00000000f0000000)
  to   space 10752K, 0% used [0x00000000eeb00000,0x00000000eeb00000,0x00000000ef580000)
 ParOldGen       total 116224K, used 11147K [0x00000000c0000000, 0x00000000c7180000, 0x00000000eab00000)
  object space 116224K, 9% used [0x00000000c0000000,0x00000000c0ae2cf0,0x00000000c7180000)
 Metaspace       used 20931K, capacity 21316K, committed 21632K, reserved 1069056K
  class space    used 2753K, capacity 2884K, committed 2944K, reserved 1048576K

Card table byte_map: [0x00000000124a0000,0x00000000126b0000] byte_map_base: 0x0000000011ea0000

Marking Bits: (ParMarkBitMap*) 0x000000005363a5b0
 Begin Bits: [0x0000000013010000, 0x0000000014010000)
 End Bits:   [0x0000000014010000, 0x0000000015010000)

Polling page: 0x0000000002d90000

CodeCache: size=245760Kb used=7263Kb max_used=7283Kb free=238496Kb
 bounds [0x00000000030e0000, 0x0000000003810000, 0x00000000120e0000]
 total_blobs=2480 nmethods=1861 adapters=532
 compilation: enabled

Compilation events (10 events):
Event: 3.727 Thread 0x0000000017c0b800 nmethod 1855 0x00000000037d0150 code [0x00000000037d0320, 0x00000000037d0a68]
Event: 3.727 Thread 0x0000000017c0b800 1857       3       com.google.common.collect.MapMakerInternalMap$Segment::getEntry (80 bytes)
Event: 3.729 Thread 0x0000000017c0b800 nmethod 1857 0x00000000037d3dd0 code [0x00000000037d4060, 0x00000000037d5568]
Event: 3.729 Thread 0x0000000017c0b800 1856       3       com.google.common.collect.MapMakerInternalMap::get (23 bytes)
Event: 3.729 Thread 0x0000000017c0b800 nmethod 1856 0x00000000037cf710 code [0x00000000037cf8c0, 0x00000000037cfe78]
Event: 3.729 Thread 0x0000000017c0b800 1858       3       com.google.common.collect.MapMakerInternalMap::putIfAbsent (29 bytes)
Event: 3.730 Thread 0x0000000017c0b800 nmethod 1858 0x00000000037d5ed0 code [0x00000000037d60c0, 0x00000000037d68d8]
Event: 3.730 Thread 0x0000000017c0b800 1859       3       com.google.common.collect.MapMakerInternalMap$Segment::newEntry (15 bytes)
Event: 3.730 Thread 0x0000000017c0b800 nmethod 1859 0x00000000037d6c90 code [0x00000000037d6e00, 0x00000000037d7048]
Event: 3.735 Thread 0x0000000017c0b800 1860   !   3       groovy.lang.GroovyClassLoader::loadClass (360 bytes)

GC Heap History (6 events):
Event: 2.044 GC heap before
{Heap before GC invocations=1 (full 0):
 PSYoungGen      total 76288K, used 65536K [0x00000000eab00000, 0x00000000f0000000, 0x0000000100000000)
  eden space 65536K, 100% used [0x00000000eab00000,0x00000000eeb00000,0x00000000eeb00000)
  from space 10752K, 0% used [0x00000000ef580000,0x00000000ef580000,0x00000000f0000000)
  to   space 10752K, 0% used [0x00000000eeb00000,0x00000000eeb00000,0x00000000ef580000)
 ParOldGen       total 175104K, used 0K [0x00000000c0000000, 0x00000000cab00000, 0x00000000eab00000)
  object space 175104K, 0% used [0x00000000c0000000,0x00000000c0000000,0x00000000cab00000)
 Metaspace       used 12165K, capacity 12508K, committed 12672K, reserved 1060864K
  class space    used 1666K, capacity 1810K, committed 1920K, reserved 1048576K
Event: 2.058 GC heap after
Heap after GC invocations=1 (full 0):
 PSYoungGen      total 76288K, used 8378K [0x00000000eab00000, 0x00000000f0000000, 0x0000000100000000)
  eden space 65536K, 0% used [0x00000000eab00000,0x00000000eab00000,0x00000000eeb00000)
  from space 10752K, 77% used [0x00000000eeb00000,0x00000000ef32ebf8,0x00000000ef580000)
  to   space 10752K, 0% used [0x00000000ef580000,0x00000000ef580000,0x00000000f0000000)
 ParOldGen       total 175104K, used 16K [0x00000000c0000000, 0x00000000cab00000, 0x00000000eab00000)
  object space 175104K, 0% used [0x00000000c0000000,0x00000000c0004000,0x00000000cab00000)
 Metaspace       used 12165K, capacity 12508K, committed 12672K, reserved 1060864K
  class space    used 1666K, capacity 1810K, committed 1920K, reserved 1048576K
}
Event: 3.498 GC heap before
{Heap before GC invocations=2 (full 0):
 PSYoungGen      total 76288K, used 58669K [0x00000000eab00000, 0x00000000f0000000, 0x0000000100000000)
  eden space 65536K, 76% used [0x00000000eab00000,0x00000000edc1c808,0x00000000eeb00000)
  from space 10752K, 77% used [0x00000000eeb00000,0x00000000ef32ebf8,0x00000000ef580000)
  to   space 10752K, 0% used [0x00000000ef580000,0x00000000ef580000,0x00000000f0000000)
 ParOldGen       total 175104K, used 16K [0x00000000c0000000, 0x00000000cab00000, 0x00000000eab00000)
  object space 175104K, 0% used [0x00000000c0000000,0x00000000c0004000,0x00000000cab00000)
 Metaspace       used 20733K, capacity 21092K, committed 21296K, reserved 1067008K
  class space    used 2736K, capacity 2852K, committed 2944K, reserved 1048576K
Event: 3.514 GC heap after
Heap after GC invocations=2 (full 0):
 PSYoungGen      total 76288K, used 10736K [0x00000000eab00000, 0x00000000f0000000, 0x0000000100000000)
  eden space 65536K, 0% used [0x00000000eab00000,0x00000000eab00000,0x00000000eeb00000)
  from space 10752K, 99% used [0x00000000ef580000,0x00000000efffc158,0x00000000f0000000)
  to   space 10752K, 0% used [0x00000000eeb00000,0x00000000eeb00000,0x00000000ef580000)
 ParOldGen       total 175104K, used 885K [0x00000000c0000000, 0x00000000cab00000, 0x00000000eab00000)
  object space 175104K, 0% used [0x00000000c0000000,0x00000000c00dd750,0x00000000cab00000)
 Metaspace       used 20733K, capacity 21092K, committed 21296K, reserved 1067008K
  class space    used 2736K, capacity 2852K, committed 2944K, reserved 1048576K
}
Event: 3.514 GC heap before
{Heap before GC invocations=3 (full 1):
 PSYoungGen      total 76288K, used 10736K [0x00000000eab00000, 0x00000000f0000000, 0x0000000100000000)
  eden space 65536K, 0% used [0x00000000eab00000,0x00000000eab00000,0x00000000eeb00000)
  from space 10752K, 99% used [0x00000000ef580000,0x00000000efffc158,0x00000000f0000000)
  to   space 10752K, 0% used [0x00000000eeb00000,0x00000000eeb00000,0x00000000ef580000)
 ParOldGen       total 175104K, used 885K [0x00000000c0000000, 0x00000000cab00000, 0x00000000eab00000)
  object space 175104K, 0% used [0x00000000c0000000,0x00000000c00dd750,0x00000000cab00000)
 Metaspace       used 20733K, capacity 21092K, committed 21296K, reserved 1067008K
  class space    used 2736K, capacity 2852K, committed 2944K, reserved 1048576K
Event: 3.558 GC heap after
Heap after GC invocations=3 (full 1):
 PSYoungGen      total 76288K, used 0K [0x00000000eab00000, 0x00000000f0000000, 0x0000000100000000)
  eden space 65536K, 0% used [0x00000000eab00000,0x00000000eab00000,0x00000000eeb00000)
  from space 10752K, 0% used [0x00000000ef580000,0x00000000ef580000,0x00000000f0000000)
  to   space 10752K, 0% used [0x00000000eeb00000,0x00000000eeb00000,0x00000000ef580000)
 ParOldGen       total 116224K, used 11147K [0x00000000c0000000, 0x00000000c7180000, 0x00000000eab00000)
  object space 116224K, 9% used [0x00000000c0000000,0x00000000c0ae2cf0,0x00000000c7180000)
 Metaspace       used 20733K, capacity 21092K, committed 21296K, reserved 1067008K
  class space    used 2736K, capacity 2852K, committed 2944K, reserved 1048576K
}

Deoptimization events (10 events):
Event: 3.187 Thread 0x0000000019827000 Uncommon trap: reason=class_check action=maybe_recompile pc=0x00000000032a8a0c method=sun.misc.URLClassPath.getLoader(I)Lsun/misc/URLClassPath$Loader; @ 193
Event: 3.198 Thread 0x0000000019827000 Uncommon trap: reason=class_check action=maybe_recompile pc=0x00000000032a8a0c method=sun.misc.URLClassPath.getLoader(I)Lsun/misc/URLClassPath$Loader; @ 193
Event: 3.588 Thread 0x0000000019827000 Uncommon trap: reason=unstable_if action=reinterpret pc=0x0000000003745d24 method=groovyjarjarantlr.CharQueue.append(C)V @ 9
Event: 3.643 Thread 0x0000000019827000 Uncommon trap: reason=unstable_if action=reinterpret pc=0x00000000037a5ec4 method=org.gradle.groovy.scripts.internal.DefaultScriptCompilationHandler$ShortcutClassNodeResolver.findClassNode(Ljava/lang/String;Lorg/codehaus/groovy/control/CompilationUnit;)LorveæSÅ$@
Event: 3.643 Thread 0x0000000019827000 Uncommon trap: reason=unstable_if action=reinterpret pc=0x00000000037a56e8 method=org.codehaus.groovy.ast.ClassNode.<init>(Ljava/lang/String;ILorg/codehaus/groovy/ast/ClassNode;[Lorg/codehaus/groovy/ast/ClassNode;[Lorg/codehaus/groovy/ast/MixinNode;)V @ 88
Event: 3.643 Thread 0x0000000019827000 Uncommon trap: reason=unstable_if action=reinterpret pc=0x0000000003796c70 method=org.codehaus.groovy.ast.ClassNode.getCompileUnit()Lorg/codehaus/groovy/ast/CompileUnit; @ 19
Event: 3.643 Thread 0x0000000019827000 Uncommon trap: reason=unstable_if action=reinterpret pc=0x000000000371591c method=org.codehaus.groovy.ast.ClassNode.redirect()Lorg/codehaus/groovy/ast/ClassNode; @ 4
Event: 3.644 Thread 0x0000000019827000 Uncommon trap: reason=unstable_if action=reinterpret pc=0x000000000372999c method=org.codehaus.groovy.ast.ClassNode.redirect()Lorg/codehaus/groovy/ast/ClassNode; @ 4
Event: 3.648 Thread 0x0000000019827000 Uncommon trap: reason=unstable_if action=reinterpret pc=0x00000000033af630 method=java.util.LinkedHashMap.afterNodeInsertion(Z)V @ 1
Event: 3.709 Thread 0x0000000019827000 Uncommon trap: reason=bimorphic action=maybe_recompile pc=0x00000000037bf840 method=org.codehaus.groovy.control.ResolveVisitor.resolveFromCompileUnit(Lorg/codehaus/groovy/ast/ClassNode;)Z @ 16

Internal exceptions (10 events):
Event: 3.201 Thread 0x0000000019827000 Exception <a 'java/lang/ClassNotFoundException': groovy/lang/ClosureBeanInfo> (0x00000000ece5a470) thrown at [C:\re\workspace\8-2-build-windows-amd64-cygwin\jdk8u66\5298\hotspot\src\share\vm\classfile\systemDictionary.cpp, line 210]
Event: 3.201 Thread 0x0000000019827000 Exception <a 'java/lang/ClassNotFoundException': groovy/lang/ClosureCustomizer> (0x00000000ece6e158) thrown at [C:\re\workspace\8-2-build-windows-amd64-cygwin\jdk8u66\5298\hotspot\src\share\vm\classfile\systemDictionary.cpp, line 210]
Event: 3.205 Thread 0x0000000019827000 Exception <a 'java/lang/ClassNotFoundException': groovy/lang/Closure$1Customizer> (0x00000000eceaacf0) thrown at [C:\re\workspace\8-2-build-windows-amd64-cygwin\jdk8u66\5298\hotspot\src\share\vm\classfile\systemDictionary.cpp, line 210]
Event: 3.273 Thread 0x0000000019827000 Exception <a 'java/lang/ClassNotFoundException': org/gradle/invocation/DefaultGradle_DecoratedBeanInfo> (0x00000000ed2de408) thrown at [C:\re\workspace\8-2-build-windows-amd64-cygwin\jdk8u66\5298\hotspot\src\share\vm\classfile\systemDictionary.cpp, line 21Á˜èñQ0
@
Event: 3.274 Thread 0x0000000019827000 Exception <a 'java/lang/ClassNotFoundException': org/gradle/invocation/DefaultGradleBeanInfo> (0x00000000ed2f83b0) thrown at [C:\re\workspace\8-2-build-windows-amd64-cygwin\jdk8u66\5298\hotspot\src\share\vm\classfile\systemDictionary.cpp, line 210]
Event: 3.274 Thread 0x0000000019827000 Exception <a 'java/lang/ClassNotFoundException': org/gradle/api/internal/project/AbstractPluginAwareBeanInfo> (0x00000000ed317c88) thrown at [C:\re\workspace\8-2-build-windows-amd64-cygwin\jdk8u66\5298\hotspot\src\share\vm\classfile\systemDictionary.cpp, l∞(Ïı2
@
Event: 3.275 Thread 0x0000000019827000 Exception <a 'java/lang/ClassNotFoundException': org/gradle/api/internal/project/AbstractPluginAwareCustomizer> (0x00000000ed337c70) thrown at [C:\re\workspace\8-2-build-windows-amd64-cygwin\jdk8u66\5298\hotspot\src\share\vm\classfile\systemDictionary.cpp,
Event: 3.276 Thread 0x0000000019827000 Exception <a 'java/lang/ClassNotFoundException': org/gradle/invocation/DefaultGradleCustomizer> (0x00000000ed358790) thrown at [C:\re\workspace\8-2-build-windows-amd64-cygwin\jdk8u66\5298\hotspot\src\share\vm\classfile\systemDictionary.cpp, line 210]
Event: 3.279 Thread 0x0000000019827000 Exception <a 'java/lang/ClassNotFoundException': org/gradle/invocation/DefaultGradle_DecoratedCustomizer> (0x00000000ed399120) thrown at [C:\re\workspace\8-2-build-windows-amd64-cygwin\jdk8u66\5298\hotspot\src\share\vm\classfile\systemDictionary.cpp, line µ®D6{$@
Event: 3.643 Thread 0x0000000019827000 Implicit null exception at 0x00000000037a5547 to 0x00000000037a56cd

Events (10 events):
Event: 3.736 loading class org/gradle/jvm/URL
Event: 3.736 loading class org/gradle/jvm/URL done
Event: 3.736 loading class org/gradle/jvm/URL
Event: 3.736 loading class org/gradle/jvm/URL done
Event: 3.737 loading class org/gradle/jvm/application/scripts/URL
Event: 3.737 loading class org/gradle/jvm/application/scripts/URL done
Event: 3.737 loading class org/gradle/jvm/application/scripts/URL
Event: 3.737 loading class org/gradle/jvm/application/scripts/URL done
Event: 3.737 loading class org/gradle/jvm/application/tasks/URL
Event: 3.737 loading class org/gradle/jvm/application/tasks/URL done


Dynamic libraries:
0x00007ff608cd0000 - 0x00007ff608d07000 	C:\Program Files\Java\jdk1.8.0_66\bin\java.exe
0x00007fff905c0000 - 0x00007fff90781000 	C:\WINDOWS\SYSTEM32\ntdll.dll
0x00007fff8e050000 - 0x00007fff8e0fd000 	C:\WINDOWS\system32\KERNEL32.DLL
0x00007fff8d710000 - 0x00007fff8d8ed000 	C:\WINDOWS\system32\KERNELBASE.dll
0x00007fff8e3d0000 - 0x00007fff8e476000 	C:\WINDOWS\system32\ADVAPI32.dll
0x00007fff901b0000 - 0x00007fff9024d000 	C:\WINDOWS\system32\msvcrt.dll
0x00007fff8e490000 - 0x00007fff8e4eb000 	C:\WINDOWS\system32\sechost.dll
0x00007fff90490000 - 0x00007fff905b6000 	C:\WINDOWS\system32\RPCRT4.dll
0x00007fff90250000 - 0x00007fff9039e000 	C:\WINDOWS\system32\USER32.dll
0x00007fff8dec0000 - 0x00007fff8e046000 	C:\WINDOWS\system32\GDI32.dll
0x00007fff87ec0000 - 0x00007fff88134000 	C:\WINDOWS\WinSxS\amd64_microsoft.windows.common-controls_6595b64144ccf1df_6.0.10240.16384_none_f41f7b285750ef43\COMCTL32.dll
0x00007fff8e390000 - 0x00007fff8e3c6000 	C:\WINDOWS\system32\IMM32.DLL
0x00007fff8fe80000 - 0x00007fff8ffdc000 	C:\WINDOWS\system32\MSCTF.dll
0x0000000052d50000 - 0x0000000052e22000 	C:\Program Files\Java\jdk1.8.0_66\jre\bin\msvcr100.dll
0x0000000052e30000 - 0x00000000536b9000 	C:\Program Files\Java\jdk1.8.0_66\jre\bin\server\jvm.dll
0x00007fff8e480000 - 0x00007fff8e488000 	C:\WINDOWS\system32\PSAPI.DLL
0x00007fff88d50000 - 0x00007fff88d5a000 	C:\WINDOWS\SYSTEM32\VERSION.dll
0x00007fff8b100000 - 0x00007fff8b123000 	C:\WINDOWS\SYSTEM32\WINMM.dll
0x00007fff83a80000 - 0x00007fff83a89000 	C:\WINDOWS\SYSTEM32\WSOCK32.dll
0x00007fff90420000 - 0x00007fff90489000 	C:\WINDOWS\system32\WS2_32.dll
0x00007fff8fbf0000 - 0x00007fff8fbf8000 	C:\WINDOWS\system32\NSI.dll
0x00007fff8b040000 - 0x00007fff8b06c000 	C:\WINDOWS\SYSTEM32\WINMMBASE.dll
0x00007fff8d6c0000 - 0x00007fff8d704000 	C:\WINDOWS\system32\cfgmgr32.dll
0x00007fff8b960000 - 0x00007fff8b987000 	C:\WINDOWS\SYSTEM32\DEVOBJ.dll
0x0000000052d40000 - 0x0000000052d4f000 	C:\Program Files\Java\jdk1.8.0_66\jre\bin\verify.dll
0x0000000052d10000 - 0x0000000052d39000 	C:\Program Files\Java\jdk1.8.0_66\jre\bin\java.dll
0x0000000052cf0000 - 0x0000000052d06000 	C:\Program Files\Java\jdk1.8.0_66\jre\bin\zip.dll
0x00007fff8e4f0000 - 0x00007fff8fa12000 	C:\WINDOWS\system32\SHELL32.dll
0x00007fff8d090000 - 0x00007fff8d6b8000 	C:\WINDOWS\system32\windows.storage.dll
0x00007fff8fc00000 - 0x00007fff8fe7c000 	C:\WINDOWS\system32\combase.dll
0x00007fff8de60000 - 0x00007fff8deb1000 	C:\WINDOWS\system32\shlwapi.dll
0x00007fff8d060000 - 0x00007fff8d06f000 	C:\WINDOWS\system32\kernel.appcore.dll
0x00007fff8d8f0000 - 0x00007fff8d9a3000 	C:\WINDOWS\system32\shcore.dll
0x00007fff8cff0000 - 0x00007fff8d03a000 	C:\WINDOWS\system32\powrprof.dll
0x00007fff8d040000 - 0x00007fff8d053000 	C:\WINDOWS\system32\profapi.dll
0x0000000052cd0000 - 0x0000000052cea000 	C:\Program Files\Java\jdk1.8.0_66\jre\bin\net.dll
0x00007fff8c860000 - 0x00007fff8c8bd000 	C:\WINDOWS\system32\mswsock.dll
0x0000000052cb0000 - 0x0000000052cc1000 	C:\Program Files\Java\jdk1.8.0_66\jre\bin\nio.dll
0x00007fff75c10000 - 0x00007fff75c22000 	C:\Users\shane\.gradle\native\19\windows-amd64\native-platform.dll
0x00007fff8b070000 - 0x00007fff8b0a8000 	C:\WINDOWS\SYSTEM32\IPHLPAPI.DLL
0x00007fff8b030000 - 0x00007fff8b03b000 	C:\WINDOWS\SYSTEM32\WINNSI.DLL
0x00007fff88a80000 - 0x00007fff88a96000 	C:\WINDOWS\SYSTEM32\dhcpcsvc6.DLL
0x00007fff88840000 - 0x00007fff8885a000 	C:\WINDOWS\SYSTEM32\dhcpcsvc.DLL
0x00007fff8c8c0000 - 0x00007fff8c8d7000 	C:\WINDOWS\SYSTEM32\CRYPTSP.dll
0x00007fff8cb30000 - 0x00007fff8cb58000 	C:\WINDOWS\SYSTEM32\bcrypt.dll
0x00007fff8c510000 - 0x00007fff8c543000 	C:\WINDOWS\system32\rsaenh.dll
0x00007fff8c6f0000 - 0x00007fff8c70f000 	C:\WINDOWS\SYSTEM32\USERENV.dll
0x00007fff8ce40000 - 0x00007fff8ceab000 	C:\WINDOWS\system32\bcryptprimitives.dll
0x00007fff8ca30000 - 0x00007fff8ca3b000 	C:\WINDOWS\SYSTEM32\CRYPTBASE.dll
0x00007fff832c0000 - 0x00007fff8344a000 	C:\WINDOWS\SYSTEM32\dbghelp.dll

VM Arguments:
jvm_args: -XX:MaxPermSize=256m -XX:+HeapDumpOnOutOfMemoryError -Xmx1024m -Dfile.encoding=windows-1252 -Duser.country=US -Duser.language=en -Duser.variant 
java_command: org.gradle.launcher.daemon.bootstrap.GradleDaemon 2.8
java_class_path (initial): C:\Program Files\Android\Android Studio\gradle\gradle-2.8\lib\gradle-launcher-2.8.jar
Launcher Type: SUN_STANDARD

Environment Variables:
PATH=C:\ProgramData\Oracle\Java\javapath;C:\Program Files\Haskell\bin;C:\Program Files\Haskell Platform\7.10.3\lib\extralibs\bin;C:\Program Files\Haskell Platform\7.10.3\bin;C:\Program Files (x86)\Python35-32\Scripts\;C:\Program Files (x86)\Python35-32\;C:\WINDOWS\system32;C:\WINDOWS;C:\WINDOWS\System32\Wbem;C:\WINDOWS\System32\WindowsPowerShell\v1.0\;C:\Program Files\Haskell Platform\7.10.3\mingw\bin;C:\Users\shane\AppData\Roaming\cabal\bin;C:\Users\shane\AppData\Local\atom\bin
USERNAME=shane
OS=Windows_NT
PROCESSOR_IDENTIFIER=AMD64 Family 21 Model 2 Stepping 0, AuthenticAMD



---------------  S Y S T E M  ---------------

OS: Windows 10.0 , 64 bit Build 10240 (10.0.10240.16384)

CPU:total 8 (8 cores per cpu, 1 threads per core) family 21 model 2 stepping 0, cmov, cx8, fxsr, mmx, sse, sse2, sse3, ssse3, sse4.1, sse4.2, popcnt, avx, aes, clmul, mmxext, 3dnowpref, lzcnt, sse4a, tsc, tscinvbit, tscinv, bmi1

Memory: 4k page, physical 16676424k(14259084k free), swap 19166792k(16407244k free)

vm_info: Java HotSpot(TM) 64-Bit Server VM (25.66-b18) for windows-amd64 JRE (1.8.0_66-b18), built on Nov  9 2015 10:51:13 by "java_re" with MS VC++ 10.0 (VS2010)

time: Wed Dec 23 13:02:33 2015
elapsed time: 3 seconds (0d 0h 0m 3s)

